[2026-02-07 04:14:08] Update season: 2025-26 (regular)
[2026-02-07 04:14:08] Sources: espn, nba_stats
[2026-02-07 04:14:08] DB: /Users/itzjuztmya/Kaleb/spatialSportsR/data/parsed/nba.sqlite
[2026-02-07 04:14:08] Raw dir: /Users/itzjuztmya/Kaleb/spatialSportsR/data/raw
[2026-02-07 04:14:08] Parsed dir: /Users/itzjuztmya/Kaleb/spatialSportsR/data/parsed
[2026-02-07 04:14:08] ESPN update starting...
[2026-02-07 04:14:08] ESPN max game_date is in the future (2026-04-13); clamping to today (2026-02-07).
[2026-02-07 04:14:08] ESPN backfill window: 2026-02-04 to 2026-02-07
Error in curl::curl_fetch_memory(url, handle = handle): Timeout was reached [site.api.espn.com]:
Operation too slow. Less than 1 bytes/sec transferred the last 600 seconds
Request failed [ERROR]. Retrying in 1.4 seconds...
Error in curl::curl_fetch_memory(url, handle = handle): Timeout was reached [site.api.espn.com]:
Operation too slow. Less than 1 bytes/sec transferred the last 600 seconds
Request failed [ERROR]. Retrying in 2.3 seconds...
[2026-02-07 04:53:56] ESPN collect complete: games=31 raw_files=31
[2026-02-07 07:56:47] ESPN parse complete: games=1239 events=379165 teams=2486
[2026-02-07 08:28:46] ESPN update complete.
[2026-02-07 08:28:46] NBA Stats update starting...
[2026-02-07 08:28:46] Refreshing NBA Stats index...
[2026-02-07 09:17:24] NBA Stats index games: 774
[2026-02-07 10:04:44] NBA Stats collect complete: games=774 raw_files=774
[2026-02-07 10:04:44] Refreshing NBA Stats shotchart...
[2026-02-07 10:06:16] NBA Stats parse complete: games=774 shots=138207 pbp=373625
[2026-02-07 10:07:16] NBA Stats update complete.
[2026-02-07 10:07:16] Update finished.
[2026-02-08 09:17:44] Update season: 2025-26 (regular)
[2026-02-08 09:17:44] Sources: espn, nba_stats
[2026-02-08 09:17:44] DB: /Users/itzjuztmya/Kaleb/spatialSportsR/data/parsed/nba.sqlite
[2026-02-08 09:17:44] Raw dir: /Users/itzjuztmya/Kaleb/spatialSportsR/data/raw
[2026-02-08 09:17:44] Parsed dir: /Users/itzjuztmya/Kaleb/spatialSportsR/data/parsed
[2026-02-08 09:17:44] ESPN update starting...
[2026-02-08 09:17:44] ESPN max game_date is in the future (2026-04-13); clamping to today (2026-02-08).
[2026-02-08 09:17:44] ESPN backfill window: 2026-02-05 to 2026-02-08
Error in curl::curl_fetch_memory(url, handle = handle): Could not resolve hostname [site.api.espn.com]:
Could not resolve host: site.api.espn.com
Request failed [ERROR]. Retrying in 1.3 seconds...
Error in curl::curl_fetch_memory(url, handle = handle): Could not resolve hostname [site.api.espn.com]:
Could not resolve host: site.api.espn.com
Request failed [ERROR]. Retrying in 4 seconds...
Error in curl::curl_fetch_memory(url, handle = handle): Could not resolve hostname [site.api.espn.com]:
Could not resolve host: site.api.espn.com
Request failed [ERROR]. Retrying in 6.6 seconds...
Error in curl::curl_fetch_memory(url, handle = handle): Could not resolve hostname [site.api.espn.com]:
Could not resolve host: site.api.espn.com
Request failed [ERROR]. Retrying in 13.2 seconds...
Error in curl::curl_fetch_memory(url, handle = handle): Could not resolve hostname [site.web.api.espn.com]:
Could not resolve host: site.web.api.espn.com
Request failed [ERROR]. Retrying in 1.6 seconds...
Error in curl::curl_fetch_memory(url, handle = handle): Could not resolve hostname [site.web.api.espn.com]:
Could not resolve host: site.web.api.espn.com
Request failed [ERROR]. Retrying in 3.9 seconds...
Error in curl::curl_fetch_memory(url, handle = handle): Could not resolve hostname [site.web.api.espn.com]:
Could not resolve host: site.web.api.espn.com
Request failed [ERROR]. Retrying in 1 seconds...
Error in curl::curl_fetch_memory(url, handle = handle): Could not resolve hostname [site.web.api.espn.com]:
Could not resolve host: site.web.api.espn.com
Request failed [ERROR]. Retrying in 8.5 seconds...
Error in curl::curl_fetch_memory(url, handle = handle): Could not resolve hostname [site.api.espn.com]:
Could not resolve host: site.api.espn.com
Request failed [ERROR]. Retrying in 1 seconds...
Error in curl::curl_fetch_memory(url, handle = handle): Could not resolve hostname [site.api.espn.com]:
Could not resolve host: site.api.espn.com
Request failed [ERROR]. Retrying in 1 seconds...
Error in curl::curl_fetch_memory(url, handle = handle): Could not resolve hostname [site.api.espn.com]:
Could not resolve host: site.api.espn.com
Request failed [ERROR]. Retrying in 4.4 seconds...
Error in curl::curl_fetch_memory(url, handle = handle): Could not resolve hostname [site.api.espn.com]:
Could not resolve host: site.api.espn.com
Request failed [ERROR]. Retrying in 9 seconds...
[2026-02-08 09:18:49] ESPN collect complete: games=20 raw_files=20
[2026-02-08 09:25:28] ESPN parse complete: games=1239 events=384005 teams=2486
[2026-02-08 09:29:50] ESPN update complete.
[2026-02-08 09:29:50] NBA Stats update starting...
[2026-02-08 09:29:50] Refreshing NBA Stats index...
[2026-02-08 09:45:26] NBA Stats collect complete: games=774 raw_files=774
[2026-02-08 09:45:26] Refreshing NBA Stats shotchart...
NBA shot chart: empty combined result for 2025-26 Regular Season
[2026-02-08 09:45:47] NBA Stats parse complete: games=774 shots=0 pbp=373625
[2026-02-08 09:46:01] NBA Stats update complete.
Warning message:
In nba_stats_collect_game_index(season = season_end, raw_dir = .raw_league_dir(raw_dir = raw_dir,  :
  NBA Stats index fetch failed: Could not resolve hostname [stats.nba.com]:
Could not resolve host: stats.nba.com
[2026-02-08 09:46:01] Update finished.
Matplotlib is building the font cache; this may take a moment.
No target shots available. Check season data.
Traceback (most recent call last):
  File "/Users/itzjuztmya/Kaleb/spatialSportsR/analysis/shot_density.py", line 608, in <module>
    generate_shot_chart(
    ~~~~~~~~~~~~~~~~~~~^
        season=current_season,
        ^^^^^^^^^^^^^^^^^^^^^^
    ...<12 lines>...
        show_plot=False
        ^^^^^^^^^^^^^^^
    )
    ^
  File "/Users/itzjuztmya/Kaleb/spatialSportsR/analysis/shot_density.py", line 455, in generate_shot_chart
    cbar = plt.colorbar(hb, cax=legend_ax, orientation="horizontal")
  File "/Users/itzjuztmya/Kaleb/spatialSportsR/.venv/lib/python3.14/site-packages/matplotlib/pyplot.py", line 2533, in colorbar
    ret = gcf().colorbar(mappable, cax=cax, ax=ax, **kwargs)
  File "/Users/itzjuztmya/Kaleb/spatialSportsR/.venv/lib/python3.14/site-packages/matplotlib/figure.py", line 1308, in colorbar
    cb = cbar.Colorbar(cax, mappable, **{
        k: v for k, v in kwargs.items() if k not in NON_COLORBAR_KEYS})
  File "/Users/itzjuztmya/Kaleb/spatialSportsR/.venv/lib/python3.14/site-packages/matplotlib/colorbar.py", line 387, in __init__
    self._reset_locator_formatter_scale()
    ~~~~~~~~~~~~~~~~~~~~~~~~~~~~~~~~~~~^^
  File "/Users/itzjuztmya/Kaleb/spatialSportsR/.venv/lib/python3.14/site-packages/matplotlib/colorbar.py", line 1163, in _reset_locator_formatter_scale
    self._process_values()
    ~~~~~~~~~~~~~~~~~~~~^^
  File "/Users/itzjuztmya/Kaleb/spatialSportsR/.venv/lib/python3.14/site-packages/matplotlib/colorbar.py", line 1099, in _process_values
    self.norm.vmin, self.norm.vmax = mtransforms.nonsingular(
    ^^^^^^^^^^^^^^
  File "/Users/itzjuztmya/Kaleb/spatialSportsR/.venv/lib/python3.14/site-packages/matplotlib/colors.py", line 2184, in vmin
    self._changed()
    ~~~~~~~~~~~~~^^
  File "/Users/itzjuztmya/Kaleb/spatialSportsR/.venv/lib/python3.14/site-packages/matplotlib/colors.py", line 2212, in _changed
    self.callbacks.process('changed')
    ~~~~~~~~~~~~~~~~~~~~~~^^^^^^^^^^^
  File "/Users/itzjuztmya/Kaleb/spatialSportsR/.venv/lib/python3.14/site-packages/matplotlib/cbook.py", line 366, in process
    self.exception_handler(exc)
    ~~~~~~~~~~~~~~~~~~~~~~^^^^^
  File "/Users/itzjuztmya/Kaleb/spatialSportsR/.venv/lib/python3.14/site-packages/matplotlib/cbook.py", line 110, in _exception_printer
    raise exc
  File "/Users/itzjuztmya/Kaleb/spatialSportsR/.venv/lib/python3.14/site-packages/matplotlib/cbook.py", line 361, in process
    func(*args, **kwargs)
    ~~~~^^^^^^^^^^^^^^^^^
  File "/Users/itzjuztmya/Kaleb/spatialSportsR/.venv/lib/python3.14/site-packages/matplotlib/colorizer.py", line 297, in changed
    self.callbacks.process('changed')
    ~~~~~~~~~~~~~~~~~~~~~~^^^^^^^^^^^
  File "/Users/itzjuztmya/Kaleb/spatialSportsR/.venv/lib/python3.14/site-packages/matplotlib/cbook.py", line 366, in process
    self.exception_handler(exc)
    ~~~~~~~~~~~~~~~~~~~~~~^^^^^
  File "/Users/itzjuztmya/Kaleb/spatialSportsR/.venv/lib/python3.14/site-packages/matplotlib/cbook.py", line 110, in _exception_printer
    raise exc
  File "/Users/itzjuztmya/Kaleb/spatialSportsR/.venv/lib/python3.14/site-packages/matplotlib/cbook.py", line 361, in process
    func(*args, **kwargs)
    ~~~~^^^^^^^^^^^^^^^^^
  File "/Users/itzjuztmya/Kaleb/spatialSportsR/.venv/lib/python3.14/site-packages/matplotlib/colorizer.py", line 589, in changed
    self.callbacks.process('changed', self)
    ~~~~~~~~~~~~~~~~~~~~~~^^^^^^^^^^^^^^^^^
  File "/Users/itzjuztmya/Kaleb/spatialSportsR/.venv/lib/python3.14/site-packages/matplotlib/cbook.py", line 366, in process
    self.exception_handler(exc)
    ~~~~~~~~~~~~~~~~~~~~~~^^^^^
  File "/Users/itzjuztmya/Kaleb/spatialSportsR/.venv/lib/python3.14/site-packages/matplotlib/cbook.py", line 110, in _exception_printer
    raise exc
  File "/Users/itzjuztmya/Kaleb/spatialSportsR/.venv/lib/python3.14/site-packages/matplotlib/cbook.py", line 361, in process
    func(*args, **kwargs)
    ~~~~^^^^^^^^^^^^^^^^^
  File "/Users/itzjuztmya/Kaleb/spatialSportsR/.venv/lib/python3.14/site-packages/matplotlib/colorbar.py", line 513, in update_normal
    self._draw_all()
    ~~~~~~~~~~~~~~^^
  File "/Users/itzjuztmya/Kaleb/spatialSportsR/.venv/lib/python3.14/site-packages/matplotlib/colorbar.py", line 540, in _draw_all
    self._process_values()
    ~~~~~~~~~~~~~~~~~~~~^^
  File "/Users/itzjuztmya/Kaleb/spatialSportsR/.venv/lib/python3.14/site-packages/matplotlib/colorbar.py", line 1103, in _process_values
    b = self.norm.inverse(b)
  File "/Users/itzjuztmya/Kaleb/spatialSportsR/.venv/lib/python3.14/site-packages/matplotlib/colors.py", line 2692, in inverse
    raise ValueError("Invalid vmin or vmax")
ValueError: Invalid vmin or vmax
